<?xml version="1.0" encoding="UTF-8"?>
<!-- Generated by org.testng.reporters.JUnitXMLReporter -->
<testsuite hostname="DESKTOP-R7RD2DB" ignored="2" tests="2" failures="0" timestamp="2020-08-28T01:49:51 MDT" time="5.802" errors="0">
  <testcase name="validateChromePage" time="1.49" classname="LaunchStarbucksCoffeeTest"/>
  <testcase name="validateCoffeeSelection" time="4.215" classname="LaunchStarbucksCoffeeTest"/>
  <testcase name="@AfterSuite deleteAllCookies" time="0.0" classname="BaseTest">
    <ignored/>
  </testcase> <!-- @AfterSuite deleteAllCookies -->
  <testcase name="@BeforeSuite setupWebDriver" time="0.0" classname="BaseTest">
    <ignored/>
  </testcase> <!-- @BeforeSuite setupWebDriver -->
</testsuite>
